<?xml version="1.0" encoding="UTF-8"?>
<!-- Generated by org.testng.reporters.JUnitXMLReporter -->
<testsuite ignored="0" hostname="DESKTOP-CL8QTLN" failures="0" tests="3" name="Test" time="23.748" errors="0" timestamp="14 Jul 2021 10:22:46 GMT">
  <testcase classname="com.testcases.TC_LoginDDT" name="loginDDT" time="0.995"/>
  <testcase classname="com.testcases.TC_LoginDDT" name="loginDDT" time="1.258"/>
  <testcase classname="com.testcases.TC_LoginDDT" name="loginDDT" time="0.881"/>
</testsuite> <!-- Test -->
