<?xml version="1.0" encoding="UTF-8"?>
<!-- Generated by org.testng.reporters.JUnitXMLReporter -->
<testsuite ignored="0" hostname="DESKTOP-CL8QTLN" failures="0" tests="4" name="Test1" time="41.395" errors="0" timestamp="14 Jul 2021 10:20:44 GMT">
  <testcase classname="com.testcases.TC_Login" name="logoutButtonTest" time="0.094"/>
  <testcase classname="com.testcases.TC_Login" name="loginPageTitleTest" time="0.009"/>
  <testcase classname="com.testcases.TC_Login" name="currentPageUrlTest" time="0.023"/>
  <testcase classname="com.testcases.TC_Login" name="checkTextIsPresentTest" time="0.037"/>
</testsuite> <!-- Test1 -->
