<?xml version="1.0" encoding="UTF-8"?>
<!-- Generated by org.testng.reporters.JUnitXMLReporter -->
<testsuite ignored="0" hostname="DESKTOP-CL8QTLN" failures="0" tests="3" name="Test2" time="22.444" errors="0" timestamp="14 Jul 2021 10:21:07 GMT">
  <testcase classname="com.testcases.TC_LoginDDT" name="loginDDT" time="0.93"/>
  <testcase classname="com.testcases.TC_LoginDDT" name="loginDDT" time="0.829"/>
  <testcase classname="com.testcases.TC_LoginDDT" name="loginDDT" time="0.849"/>
</testsuite> <!-- Test2 -->
