<?xml version="1.0" encoding="UTF-8"?>
<!-- Generated by org.testng.reporters.JUnitXMLReporter -->
<testsuite ignored="0" hostname="DESKTOP-CL8QTLN" failures="0" tests="4" name="Default test" time="46.113" errors="0" timestamp="15 Jul 2021 06:40:30 GMT">
  <testcase classname="com.qa.testcases.TC_Login" name="checkTextIsPresentTest" time="0.073"/>
  <testcase classname="com.qa.testcases.TC_Login" name="currentPageUrlTest" time="0.055"/>
  <testcase classname="com.qa.testcases.TC_Login" name="loginPageTitleTest" time="0.024"/>
  <testcase classname="com.qa.testcases.TC_Login" name="logoutButtonTest" time="0.076"/>
</testsuite> <!-- Default test -->
