<?xml version="1.0" encoding="UTF-8"?>
<!-- Generated by org.testng.reporters.JUnitXMLReporter -->
<testsuite ignored="0" hostname="DESKTOP-CL8QTLN" failures="0" tests="7" name="Test" time="65.406" errors="0" timestamp="15 Jul 2021 14:21:11 GMT">
  <testcase classname="com.qa.testcases.TC_Login" name="loginPageTest" time="0.497"/>
  <testcase classname="com.qa.testcases.TC_MultipleLoginDDT" name="loginDDT" time="6.796"/>
  <testcase classname="com.qa.testcases.TC_MultipleLoginDDT" name="loginDDT" time="7.493"/>
  <testcase classname="com.qa.testcases.TC_MultipleLoginDDT" name="loginDDT" time="6.583"/>
  <testcase classname="com.qa.testcases.TC_MultipleLoginDDT" name="loginDDT" time="7.203"/>
  <testcase classname="com.qa.testcases.TC_RequestQuotation" name="testCalculatePremiun" time="1.251"/>
  <testcase classname="com.qa.testcases.TC_Logout" name="logout" time="1.728"/>
</testsuite> <!-- Test -->
