<?xml version="1.0" encoding="UTF-8"?>
<!-- Generated by org.testng.reporters.JUnitXMLReporter -->
<testsuite ignored="0" hostname="DESKTOP-CL8QTLN" failures="0" tests="7" name="Test" time="61.878" errors="0" timestamp="15 Jul 2021 13:05:01 GMT">
  <testcase classname="com.qa.testcases.TC_Login" name="loginPageTest" time="0.275"/>
  <testcase classname="com.qa.testcases.TC_MultipleLoginDDT" name="loginDDT" time="6.354"/>
  <testcase classname="com.qa.testcases.TC_MultipleLoginDDT" name="loginDDT" time="6.152"/>
  <testcase classname="com.qa.testcases.TC_MultipleLoginDDT" name="loginDDT" time="5.664"/>
  <testcase classname="com.qa.testcases.TC_MultipleLoginDDT" name="loginDDT" time="6.598"/>
  <testcase classname="com.qa.testcases.TC_RequestQuotation" name="testCalculatePremiun" time="1.142"/>
  <testcase classname="com.qa.testcases.TC_Logout" name="logout" time="1.085"/>
</testsuite> <!-- Test -->
